# JRE version: Java(TM) SE Runtime Environment (8.0_211-b12) (build 1.8.0_211-b12)
# Java VM: Java HotSpot(TM) 64-Bit Server VM (25.211-b12 mixed mode windows-amd64 compressed oops)
Heap:
 PSYoungGen      total 140800K, used 30744K [0x00000000f5580000, 0x00000000fe980000, 0x0000000100000000)
  eden space 130048K, 23% used [0x00000000f5580000,0x00000000f73862d8,0x00000000fd480000)
  from space 10752K, 0% used [0x00000000fd480000,0x00000000fd480000,0x00000000fdf00000)
  to   space 10752K, 0% used [0x00000000fdf00000,0x00000000fdf00000,0x00000000fe980000)
 ParOldGen       total 175104K, used 11858K [0x00000000e0000000, 0x00000000eab00000, 0x00000000f5580000)
  object space 175104K, 6% used [0x00000000e0000000,0x00000000e0b94b98,0x00000000eab00000)
 Metaspace       used 25587K, capacity 26048K, committed 26240K, reserved 1071104K
  class space    used 3523K, capacity 3664K, committed 3712K, reserved 1048576K
GC Heap History (8 events):
Event: 1.374 GC heap before
{Heap before GC invocations=1 (full 0):
 PSYoungGen      total 76288K, used 65536K [0x00000000f5580000, 0x00000000faa80000, 0x0000000100000000)
  eden space 65536K, 100% used [0x00000000f5580000,0x00000000f9580000,0x00000000f9580000)
  from space 10752K, 0% used [0x00000000fa000000,0x00000000fa000000,0x00000000faa80000)
  to   space 10752K, 0% used [0x00000000f9580000,0x00000000f9580000,0x00000000fa000000)
 ParOldGen       total 175104K, used 0K [0x00000000e0000000, 0x00000000eab00000, 0x00000000f5580000)
  object space 175104K, 0% used [0x00000000e0000000,0x00000000e0000000,0x00000000eab00000)
 Metaspace       used 7001K, capacity 7168K, committed 7424K, reserved 1056768K
  class space    used 884K, capacity 948K, committed 1024K, reserved 1048576K
Event: 1.391 GC heap after
Heap after GC invocations=1 (full 0):
 PSYoungGen      total 76288K, used 5632K [0x00000000f5580000, 0x00000000fea80000, 0x0000000100000000)
  eden space 65536K, 0% used [0x00000000f5580000,0x00000000f5580000,0x00000000f9580000)
  from space 10752K, 52% used [0x00000000f9580000,0x00000000f9b000c0,0x00000000fa000000)
  to   space 10752K, 0% used [0x00000000fe000000,0x00000000fe000000,0x00000000fea80000)
 ParOldGen       total 175104K, used 8K [0x00000000e0000000, 0x00000000eab00000, 0x00000000f5580000)
  object space 175104K, 0% used [0x00000000e0000000,0x00000000e0002000,0x00000000eab00000)
 Metaspace       used 7001K, capacity 7168K, committed 7424K, reserved 1056768K
  class space    used 884K, capacity 948K, committed 1024K, reserved 1048576K
}
Event: 3.498 GC heap before
{Heap before GC invocations=2 (full 0):
 PSYoungGen      total 76288K, used 71168K [0x00000000f5580000, 0x00000000fea80000, 0x0000000100000000)
  eden space 65536K, 100% used [0x00000000f5580000,0x00000000f9580000,0x00000000f9580000)
  from space 10752K, 52% used [0x00000000f9580000,0x00000000f9b000c0,0x00000000fa000000)
  to   space 10752K, 0% used [0x00000000fe000000,0x00000000fe000000,0x00000000fea80000)
 ParOldGen       total 175104K, used 8K [0x00000000e0000000, 0x00000000eab00000, 0x00000000f5580000)
  object space 175104K, 0% used [0x00000000e0000000,0x00000000e0002000,0x00000000eab00000)
 Metaspace       used 14317K, capacity 14670K, committed 14976K, reserved 1062912K
  class space    used 2046K, capacity 2165K, committed 2176K, reserved 1048576K
Event: 3.511 GC heap after
Heap after GC invocations=2 (full 0):
 PSYoungGen      total 139776K, used 9505K [0x00000000f5580000, 0x00000000fe980000, 0x0000000100000000)
  eden space 130048K, 0% used [0x00000000f5580000,0x00000000f5580000,0x00000000fd480000)
  from space 9728K, 97% used [0x00000000fe000000,0x00000000fe9486a8,0x00000000fe980000)
  to   space 10752K, 0% used [0x00000000fd480000,0x00000000fd480000,0x00000000fdf00000)
 ParOldGen       total 175104K, used 16K [0x00000000e0000000, 0x00000000eab00000, 0x00000000f5580000)
  object space 175104K, 0% used [0x00000000e0000000,0x00000000e0004000,0x00000000eab00000)
 Metaspace       used 14317K, capacity 14670K, committed 14976K, reserved 1062912K
  class space    used 2046K, capacity 2165K, committed 2176K, reserved 1048576K
}
Event: 4.817 GC heap before
{Heap before GC invocations=3 (full 0):
 PSYoungGen      total 139776K, used 74408K [0x00000000f5580000, 0x00000000fe980000, 0x0000000100000000)
  eden space 130048K, 49% used [0x00000000f5580000,0x00000000f94e1960,0x00000000fd480000)
  from space 9728K, 97% used [0x00000000fe000000,0x00000000fe9486a8,0x00000000fe980000)
  to   space 10752K, 0% used [0x00000000fd480000,0x00000000fd480000,0x00000000fdf00000)
 ParOldGen       total 175104K, used 16K [0x00000000e0000000, 0x00000000eab00000, 0x00000000f5580000)
  object space 175104K, 0% used [0x00000000e0000000,0x00000000e0004000,0x00000000eab00000)
 Metaspace       used 20676K, capacity 21100K, committed 21296K, reserved 1067008K
  class space    used 3005K, capacity 3172K, committed 3200K, reserved 1048576K
Event: 4.828 GC heap after
Heap after GC invocations=3 (full 0):
 PSYoungGen      total 140800K, used 10746K [0x00000000f5580000, 0x00000000fe980000, 0x0000000100000000)
  eden space 130048K, 0% used [0x00000000f5580000,0x00000000f5580000,0x00000000fd480000)
  from space 10752K, 99% used [0x00000000fd480000,0x00000000fdefe940,0x00000000fdf00000)
  to   space 10752K, 0% used [0x00000000fdf00000,0x00000000fdf00000,0x00000000fe980000)
 ParOldGen       total 175104K, used 1564K [0x00000000e0000000, 0x00000000eab00000, 0x00000000f5580000)
  object space 175104K, 0% used [0x00000000e0000000,0x00000000e0187020,0x00000000eab00000)
 Metaspace       used 20676K, capacity 21100K, committed 21296K, reserved 1067008K
  class space    used 3005K, capacity 3172K, committed 3200K, reserved 1048576K
}
Event: 4.828 GC heap before
{Heap before GC invocations=4 (full 1):
 PSYoungGen      total 140800K, used 10746K [0x00000000f5580000, 0x00000000fe980000, 0x0000000100000000)
  eden space 130048K, 0% used [0x00000000f5580000,0x00000000f5580000,0x00000000fd480000)
  from space 10752K, 99% used [0x00000000fd480000,0x00000000fdefe940,0x00000000fdf00000)
  to   space 10752K, 0% used [0x00000000fdf00000,0x00000000fdf00000,0x00000000fe980000)
 ParOldGen       total 175104K, used 1564K [0x00000000e0000000, 0x00000000eab00000, 0x00000000f5580000)
  object space 175104K, 0% used [0x00000000e0000000,0x00000000e0187020,0x00000000eab00000)
 Metaspace       used 20676K, capacity 21100K, committed 21296K, reserved 1067008K
  class space    used 3005K, capacity 3172K, committed 3200K, reserved 1048576K
Event: 5.030 GC heap after
Heap after GC invocations=4 (full 1):
 PSYoungGen      total 140800K, used 0K [0x00000000f5580000, 0x00000000fe980000, 0x0000000100000000)
  eden space 130048K, 0% used [0x00000000f5580000,0x00000000f5580000,0x00000000fd480000)
  from space 10752K, 0% used [0x00000000fd480000,0x00000000fd480000,0x00000000fdf00000)
  to   space 10752K, 0% used [0x00000000fdf00000,0x00000000fdf00000,0x00000000fe980000)
 ParOldGen       total 175104K, used 11858K [0x00000000e0000000, 0x00000000eab00000, 0x00000000f5580000)
  object space 175104K, 6% used [0x00000000e0000000,0x00000000e0b94b98,0x00000000eab00000)
 Metaspace       used 20676K, capacity 21100K, committed 21296K, reserved 1067008K
  class space    used 3005K, capacity 3172K, committed 3200K, reserved 1048576K
}

